Сборка начата 13.07.2015 14:41:37.
     1>Проект "C:\Projects\saper+\saper+\saper+.vcxproj" в узле 2 (целевые объекты build).
     1>InitializeBuildStatus:
         Создание "Debug\saper+.unsuccessfulbuild", так как было задано "AlwaysCreate".
       ClCompile:
         Для всех выходных данных обновления не требуется.
       ResourceCompile:
         Для всех выходных данных обновления не требуется.
       ManifestResourceCompile:
         Для всех выходных данных обновления не требуется.
       Link:
         Для всех выходных данных обновления не требуется.
       Manifest:
         C:\Program Files (x86)\Microsoft SDKs\Windows\v7.0A\bin\mt.exe /nologo /verbose /out:"Debug\saper+.exe.embed.manifest" /manifest Debug\saper+.exe.intermediate.manifest "d:\Program Files (x86)\Microsoft Visual Studio 10.0\VC\Include\Manifest\dpiaware.manifest"
         Для всех выходных данных обновления не требуется.
       FinalizeBuildStatus:
         Файл "Debug\saper+.unsuccessfulbuild" удаляется.
         Обращение к "Debug\saper+.lastbuildstate".
     1>Построение проекта "C:\Projects\saper+\saper+\saper+.vcxproj" завершено (целевые объекты build).

Построение успешно завершено.

Затраченное время: 00:00:00.21
